2025-11-23T13:16:29.497+07:00  INFO 3356 --- [discovery-service] [main] c.e.o.DiscoveryServiceApplicationTests   : Starting DiscoveryServiceApplicationTests using Java 17.0.0.1 with PID 3356 (started by lenovo in D:\project\docker-compose\discovery-server\discovery-service)
2025-11-23T13:16:29.504+07:00  INFO 3356 --- [discovery-service] [main] c.e.o.DiscoveryServiceApplicationTests   : No active profile set, falling back to 1 default profile: "default"
2025-11-23T13:16:31.410+07:00  INFO 3356 --- [discovery-service] [main] o.s.cloud.context.scope.GenericScope     : BeanFactory id=c69ec60a-97d8-30ba-8acd-a9431aa2758e
2025-11-23T13:16:31.955+07:00  INFO 3356 --- [discovery-service] [main] o.s.v.b.OptionalValidatorFactoryBean     : Failed to set up a Bean Validation provider: jakarta.validation.NoProviderFoundException: Unable to create a Configuration, because no Jakarta Bean Validation provider could be found. Add a provider like Hibernate Validator (RI) to your classpath.
2025-11-23T13:16:33.377+07:00  WARN 3356 --- [discovery-service] [main] iguration$LoadBalancerCaffeineWarnLogger : Spring Cloud LoadBalancer is currently working with the default cache. While this cache implementation is useful for development and tests, it's recommended to use Caffeine cache in production.You can switch to using Caffeine cache, by adding it and org.springframework.cache.caffeine.CaffeineCacheManager to the classpath.
2025-11-23T13:16:33.780+07:00  INFO 3356 --- [discovery-service] [main] o.s.c.n.eureka.InstanceInfoFactory       : Setting initial instance status as: STARTING
2025-11-23T13:16:33.847+07:00  INFO 3356 --- [discovery-service] [main] com.netflix.discovery.DiscoveryClient    : Initializing Eureka in region us-east-1
2025-11-23T13:16:33.858+07:00  INFO 3356 --- [discovery-service] [main] com.netflix.discovery.DiscoveryClient    : Client configured to neither register nor query for data.
2025-11-23T13:16:33.863+07:00  INFO 3356 --- [discovery-service] [main] com.netflix.discovery.DiscoveryClient    : Discovery Client initialized at timestamp 1763878593861 with initial instances count: 0
2025-11-23T13:16:33.983+07:00  INFO 3356 --- [discovery-service] [main] c.n.eureka.DefaultEurekaServerContext    : Initializing ...
2025-11-23T13:16:33.984+07:00  WARN 3356 --- [discovery-service] [main] c.n.eureka.cluster.PeerEurekaNodes       : The replica size seems to be empty. Check the route 53 DNS Registry
2025-11-23T13:16:34.000+07:00  INFO 3356 --- [discovery-service] [main] c.n.e.registry.AbstractInstanceRegistry  : Finished initializing remote region registries. All known remote regions: []
2025-11-23T13:16:34.000+07:00  INFO 3356 --- [discovery-service] [main] c.n.eureka.DefaultEurekaServerContext    : Initialized
2025-11-23T13:16:34.194+07:00  INFO 3356 --- [discovery-service] [main] o.s.b.a.e.web.EndpointLinksResolver      : Exposing 1 endpoint beneath base path '/actuator'
2025-11-23T13:16:34.270+07:00  INFO 3356 --- [discovery-service] [main] o.s.c.n.e.s.EurekaServiceRegistry        : Registering application DISCOVERY-SERVICE with eureka with status UP
2025-11-23T13:16:34.296+07:00  INFO 3356 --- [discovery-service] [main] c.e.o.DiscoveryServiceApplicationTests   : Started DiscoveryServiceApplicationTests in 6.373 seconds (process running for 7.795)
2025-11-23T13:16:34.306+07:00  INFO 3356 --- [discovery-service] [Thread-10] o.s.c.n.e.server.EurekaServerBootstrap   : isAws returned false
2025-11-23T13:16:34.308+07:00  INFO 3356 --- [discovery-service] [Thread-10] o.s.c.n.e.server.EurekaServerBootstrap   : Initialized server context
2025-11-23T13:16:34.309+07:00  INFO 3356 --- [discovery-service] [Thread-10] c.n.e.r.PeerAwareInstanceRegistryImpl    : Got 1 instances from neighboring DS node
2025-11-23T13:16:34.310+07:00  INFO 3356 --- [discovery-service] [Thread-10] c.n.e.r.PeerAwareInstanceRegistryImpl    : Renew threshold is: 1
2025-11-23T13:16:34.310+07:00  INFO 3356 --- [discovery-service] [Thread-10] c.n.e.r.PeerAwareInstanceRegistryImpl    : Changing status to UP
2025-11-23T13:16:34.315+07:00  INFO 3356 --- [discovery-service] [Thread-10] e.s.EurekaServerInitializerConfiguration : Started Eureka Server
2025-11-23T13:16:35.582+07:00  INFO 3356 --- [discovery-service] [SpringApplicationShutdownHook] o.s.c.n.e.s.EurekaServiceRegistry        : Unregistering application DISCOVERY-SERVICE with eureka with status DOWN
2025-11-23T13:16:35.589+07:00  INFO 3356 --- [discovery-service] [SpringApplicationShutdownHook] o.s.c.n.e.server.EurekaServerBootstrap   : Shutting down Eureka Server..
2025-11-23T13:16:35.589+07:00  INFO 3356 --- [discovery-service] [SpringApplicationShutdownHook] c.n.eureka.DefaultEurekaServerContext    : Shutting down ...
2025-11-23T13:16:35.590+07:00  INFO 3356 --- [discovery-service] [SpringApplicationShutdownHook] c.n.eureka.DefaultEurekaServerContext    : Shut down
2025-11-23T13:16:35.591+07:00  INFO 3356 --- [discovery-service] [SpringApplicationShutdownHook] o.s.c.n.e.server.EurekaServerBootstrap   : Eureka Service is now shutdown...
2025-11-23T13:16:35.591+07:00  INFO 3356 --- [discovery-service] [SpringApplicationShutdownHook] c.n.eureka.DefaultEurekaServerContext    : Shutting down ...
2025-11-23T13:16:35.591+07:00  INFO 3356 --- [discovery-service] [SpringApplicationShutdownHook] c.n.eureka.DefaultEurekaServerContext    : Shut down
2025-11-23T13:16:35.595+07:00  INFO 3356 --- [discovery-service] [SpringApplicationShutdownHook] com.netflix.discovery.DiscoveryClient    : Shutting down DiscoveryClient ...
2025-11-23T13:16:35.596+07:00  INFO 3356 --- [discovery-service] [SpringApplicationShutdownHook] com.netflix.discovery.DiscoveryClient    : Completed shut down of DiscoveryClient
2025-11-25T16:21:32.451+07:00  INFO 26136 --- [discovery-service] [main] c.e.one.DiscoveryServiceApplication      : Starting DiscoveryServiceApplication using Java 17.0.0.1 with PID 26136 (D:\irfan\kubernetes-02\discovery-server-02\discovery-service\target\classes started by lenovo in D:\irfan\kubernetes-02\discovery-server-02\discovery-service)
2025-11-25T16:21:32.462+07:00  INFO 26136 --- [discovery-service] [main] c.e.one.DiscoveryServiceApplication      : No active profile set, falling back to 1 default profile: "default"
2025-11-25T16:21:33.730+07:00  INFO 26136 --- [discovery-service] [main] o.s.cloud.context.scope.GenericScope     : BeanFactory id=3cd9abdf-c8d6-331f-aae1-0484a4902811
2025-11-25T16:21:34.138+07:00  INFO 26136 --- [discovery-service] [main] o.s.b.w.embedded.tomcat.TomcatWebServer  : Tomcat initialized with port 8010 (http)
2025-11-25T16:21:34.151+07:00  INFO 26136 --- [discovery-service] [main] o.apache.catalina.core.StandardService   : Starting service [Tomcat]
2025-11-25T16:21:34.151+07:00  INFO 26136 --- [discovery-service] [main] o.apache.catalina.core.StandardEngine    : Starting Servlet engine: [Apache Tomcat/10.1.48]
2025-11-25T16:21:34.216+07:00  INFO 26136 --- [discovery-service] [main] o.a.c.c.C.[Tomcat].[localhost].[/]       : Initializing Spring embedded WebApplicationContext
2025-11-25T16:21:34.218+07:00  INFO 26136 --- [discovery-service] [main] w.s.c.ServletWebServerApplicationContext : Root WebApplicationContext: initialization completed in 1699 ms
2025-11-25T16:21:35.289+07:00  INFO 26136 --- [discovery-service] [main] c.n.d.provider.DiscoveryJerseyProvider   : Using JSON encoding codec LegacyJacksonJson
2025-11-25T16:21:35.290+07:00  INFO 26136 --- [discovery-service] [main] c.n.d.provider.DiscoveryJerseyProvider   : Using JSON decoding codec LegacyJacksonJson
2025-11-25T16:21:35.436+07:00  INFO 26136 --- [discovery-service] [main] c.n.d.provider.DiscoveryJerseyProvider   : Using XML encoding codec XStreamXml
2025-11-25T16:21:35.436+07:00  INFO 26136 --- [discovery-service] [main] c.n.d.provider.DiscoveryJerseyProvider   : Using XML decoding codec XStreamXml
2025-11-25T16:21:35.659+07:00  INFO 26136 --- [discovery-service] [main] o.s.v.b.OptionalValidatorFactoryBean     : Failed to set up a Bean Validation provider: jakarta.validation.NoProviderFoundException: Unable to create a Configuration, because no Jakarta Bean Validation provider could be found. Add a provider like Hibernate Validator (RI) to your classpath.
2025-11-25T16:21:37.352+07:00  INFO 26136 --- [discovery-service] [main] o.s.cloud.commons.util.InetUtils         : Cannot determine local hostname
2025-11-25T16:21:39.059+07:00  INFO 26136 --- [discovery-service] [main] o.s.cloud.commons.util.InetUtils         : Cannot determine local hostname
2025-11-25T16:21:39.138+07:00  WARN 26136 --- [discovery-service] [main] iguration$LoadBalancerCaffeineWarnLogger : Spring Cloud LoadBalancer is currently working with the default cache. While this cache implementation is useful for development and tests, it's recommended to use Caffeine cache in production.You can switch to using Caffeine cache, by adding it and org.springframework.cache.caffeine.CaffeineCacheManager to the classpath.
2025-11-25T16:21:39.169+07:00  INFO 26136 --- [discovery-service] [main] o.s.c.n.eureka.InstanceInfoFactory       : Setting initial instance status as: STARTING
2025-11-25T16:21:39.198+07:00  INFO 26136 --- [discovery-service] [main] com.netflix.discovery.DiscoveryClient    : Initializing Eureka in region us-east-1
2025-11-25T16:21:39.199+07:00  INFO 26136 --- [discovery-service] [main] com.netflix.discovery.DiscoveryClient    : Client configured to neither register nor query for data.
2025-11-25T16:21:39.202+07:00  INFO 26136 --- [discovery-service] [main] com.netflix.discovery.DiscoveryClient    : Discovery Client initialized at timestamp 1764062499200 with initial instances count: 0
2025-11-25T16:21:39.260+07:00  INFO 26136 --- [discovery-service] [main] c.n.eureka.DefaultEurekaServerContext    : Initializing ...
2025-11-25T16:21:39.262+07:00  WARN 26136 --- [discovery-service] [main] c.n.eureka.cluster.PeerEurekaNodes       : The replica size seems to be empty. Check the route 53 DNS Registry
2025-11-25T16:21:39.277+07:00  INFO 26136 --- [discovery-service] [main] c.n.e.registry.AbstractInstanceRegistry  : Finished initializing remote region registries. All known remote regions: []
2025-11-25T16:21:39.278+07:00  INFO 26136 --- [discovery-service] [main] c.n.eureka.DefaultEurekaServerContext    : Initialized
2025-11-25T16:21:39.290+07:00  INFO 26136 --- [discovery-service] [main] o.s.b.a.e.web.EndpointLinksResolver      : Exposing 1 endpoint beneath base path '/actuator'
2025-11-25T16:21:39.359+07:00  INFO 26136 --- [discovery-service] [main] o.s.c.n.e.s.EurekaServiceRegistry        : Registering application DISCOVERY-SERVICE with eureka with status UP
2025-11-25T16:21:39.374+07:00  INFO 26136 --- [discovery-service] [Thread-10] o.s.c.n.e.server.EurekaServerBootstrap   : isAws returned false
2025-11-25T16:21:39.374+07:00  INFO 26136 --- [discovery-service] [Thread-10] o.s.c.n.e.server.EurekaServerBootstrap   : Initialized server context
2025-11-25T16:21:39.376+07:00  INFO 26136 --- [discovery-service] [Thread-10] c.n.e.r.PeerAwareInstanceRegistryImpl    : Got 1 instances from neighboring DS node
2025-11-25T16:21:39.376+07:00  INFO 26136 --- [discovery-service] [Thread-10] c.n.e.r.PeerAwareInstanceRegistryImpl    : Renew threshold is: 1
2025-11-25T16:21:39.376+07:00  INFO 26136 --- [discovery-service] [Thread-10] c.n.e.r.PeerAwareInstanceRegistryImpl    : Changing status to UP
2025-11-25T16:21:39.379+07:00  INFO 26136 --- [discovery-service] [Thread-10] e.s.EurekaServerInitializerConfiguration : Started Eureka Server
2025-11-25T16:21:39.388+07:00  INFO 26136 --- [discovery-service] [main] o.s.b.w.embedded.tomcat.TomcatWebServer  : Tomcat started on port 8010 (http) with context path '/'
2025-11-25T16:21:39.390+07:00  INFO 26136 --- [discovery-service] [main] .s.c.n.e.s.EurekaAutoServiceRegistration : Updating port to 8010
2025-11-25T16:21:40.631+07:00  INFO 26136 --- [discovery-service] [main] o.s.cloud.commons.util.InetUtils         : Cannot determine local hostname
2025-11-25T16:21:40.656+07:00  INFO 26136 --- [discovery-service] [main] c.e.one.DiscoveryServiceApplication      : Started DiscoveryServiceApplication in 9.995 seconds (process running for 10.426)
2025-11-25T16:22:39.378+07:00  INFO 26136 --- [discovery-service] [Eureka-EvictionTimer] c.n.e.registry.AbstractInstanceRegistry  : Running the evict task with compensationTime 0ms
2025-11-25T16:23:39.391+07:00  INFO 26136 --- [discovery-service] [Eureka-EvictionTimer] c.n.e.registry.AbstractInstanceRegistry  : Running the evict task with compensationTime 15ms
2025-11-25T16:24:39.391+07:00  INFO 26136 --- [discovery-service] [Eureka-EvictionTimer] c.n.e.registry.AbstractInstanceRegistry  : Running the evict task with compensationTime 0ms
2025-11-25T16:25:39.401+07:00  INFO 26136 --- [discovery-service] [Eureka-EvictionTimer] c.n.e.registry.AbstractInstanceRegistry  : Running the evict task with compensationTime 12ms
2025-11-25T16:26:39.411+07:00  INFO 26136 --- [discovery-service] [Eureka-EvictionTimer] c.n.e.registry.AbstractInstanceRegistry  : Running the evict task with compensationTime 11ms
2025-11-25T16:26:51.575+07:00  INFO 26136 --- [discovery-service] [http-nio-8010-exec-1] o.a.c.c.C.[Tomcat].[localhost].[/]       : Initializing Spring DispatcherServlet 'dispatcherServlet'
2025-11-25T16:26:51.576+07:00  INFO 26136 --- [discovery-service] [http-nio-8010-exec-1] o.s.web.servlet.DispatcherServlet        : Initializing Servlet 'dispatcherServlet'
2025-11-25T16:26:51.577+07:00  INFO 26136 --- [discovery-service] [http-nio-8010-exec-1] o.s.web.servlet.DispatcherServlet        : Completed initialization in 1 ms
2025-11-25T16:26:51.913+07:00  INFO 26136 --- [discovery-service] [http-nio-8010-exec-2] c.n.e.registry.AbstractInstanceRegistry  : Registered instance HELLO-KUBERNETES/localhost:hello-kubernetes:8080 with status UP (replication=false)
2025-11-25T16:27:39.423+07:00  INFO 26136 --- [discovery-service] [Eureka-EvictionTimer] c.n.e.registry.AbstractInstanceRegistry  : Running the evict task with compensationTime 14ms
2025-11-25T16:28:39.425+07:00  INFO 26136 --- [discovery-service] [Eureka-EvictionTimer] c.n.e.registry.AbstractInstanceRegistry  : Running the evict task with compensationTime 2ms
2025-11-25T16:28:48.324+07:00  INFO 26136 --- [discovery-service] [http-nio-8010-exec-3] c.n.e.registry.AbstractInstanceRegistry  : Registered instance HELLO-KUBERNETES/localhost:hello-kubernetes:8080 with status DOWN (replication=false)
2025-11-25T16:29:39.425+07:00  INFO 26136 --- [discovery-service] [Eureka-EvictionTimer] c.n.e.registry.AbstractInstanceRegistry  : Running the evict task with compensationTime 2ms
2025-11-25T16:30:39.426+07:00  INFO 26136 --- [discovery-service] [Eureka-EvictionTimer] c.n.e.registry.AbstractInstanceRegistry  : Running the evict task with compensationTime 2ms
2025-11-25T16:30:47.771+07:00  INFO 26136 --- [discovery-service] [http-nio-8010-exec-7] c.n.e.registry.AbstractInstanceRegistry  : Registered instance API-GATEWAY/localhost:api-gateway:8030 with status UP (replication=false)
2025-11-25T16:31:39.257+07:00  WARN 26136 --- [discovery-service] [Eureka-PeerNodesUpdater] c.n.eureka.cluster.PeerEurekaNodes       : The replica size seems to be empty. Check the route 53 DNS Registry
2025-11-25T16:31:39.429+07:00  INFO 26136 --- [discovery-service] [Eureka-EvictionTimer] c.n.e.registry.AbstractInstanceRegistry  : Running the evict task with compensationTime 4ms
2025-11-25T16:32:39.429+07:00  INFO 26136 --- [discovery-service] [Eureka-EvictionTimer] c.n.e.registry.AbstractInstanceRegistry  : Running the evict task with compensationTime 1ms
2025-11-25T16:33:39.432+07:00  INFO 26136 --- [discovery-service] [Eureka-EvictionTimer] c.n.e.registry.AbstractInstanceRegistry  : Running the evict task with compensationTime 5ms
2025-11-25T16:34:39.440+07:00  INFO 26136 --- [discovery-service] [Eureka-EvictionTimer] c.n.e.registry.AbstractInstanceRegistry  : Running the evict task with compensationTime 9ms
2025-11-25T16:35:39.440+07:00  INFO 26136 --- [discovery-service] [Eureka-EvictionTimer] c.n.e.registry.AbstractInstanceRegistry  : Running the evict task with compensationTime 1ms
2025-11-25T16:36:39.280+07:00  INFO 26136 --- [discovery-service] [ReplicaAwareInstanceRegistry - RenewalThresholdUpdater] c.n.e.r.PeerAwareInstanceRegistryImpl    : Current renewal threshold is : 5
2025-11-25T16:36:39.440+07:00  INFO 26136 --- [discovery-service] [Eureka-EvictionTimer] c.n.e.registry.AbstractInstanceRegistry  : Running the evict task with compensationTime 1ms
2025-11-25T16:37:39.441+07:00  INFO 26136 --- [discovery-service] [Eureka-EvictionTimer] c.n.e.registry.AbstractInstanceRegistry  : Running the evict task with compensationTime 2ms
2025-11-25T16:38:34.301+07:00  INFO 26136 --- [discovery-service] [http-nio-8010-exec-5] c.n.e.registry.AbstractInstanceRegistry  : Registered instance HELLO-KUBERNETES/localhost:hello-kubernetes:8080 with status UP (replication=false)
2025-11-25T16:38:39.441+07:00  INFO 26136 --- [discovery-service] [Eureka-EvictionTimer] c.n.e.registry.AbstractInstanceRegistry  : Running the evict task with compensationTime 1ms
2025-11-25T16:39:39.452+07:00  INFO 26136 --- [discovery-service] [Eureka-EvictionTimer] c.n.e.registry.AbstractInstanceRegistry  : Running the evict task with compensationTime 11ms
2025-11-25T16:40:39.459+07:00  INFO 26136 --- [discovery-service] [Eureka-EvictionTimer] c.n.e.registry.AbstractInstanceRegistry  : Running the evict task with compensationTime 7ms
2025-11-25T16:41:39.247+07:00  WARN 26136 --- [discovery-service] [Eureka-PeerNodesUpdater] c.n.eureka.cluster.PeerEurekaNodes       : The replica size seems to be empty. Check the route 53 DNS Registry
2025-11-25T16:41:39.468+07:00  INFO 26136 --- [discovery-service] [Eureka-EvictionTimer] c.n.e.registry.AbstractInstanceRegistry  : Running the evict task with compensationTime 11ms
2025-11-25T16:42:39.469+07:00  INFO 26136 --- [discovery-service] [Eureka-EvictionTimer] c.n.e.registry.AbstractInstanceRegistry  : Running the evict task with compensationTime 0ms
2025-11-25T16:43:39.469+07:00  INFO 26136 --- [discovery-service] [Eureka-EvictionTimer] c.n.e.registry.AbstractInstanceRegistry  : Running the evict task with compensationTime 1ms
2025-11-25T16:44:39.476+07:00  INFO 26136 --- [discovery-service] [Eureka-EvictionTimer] c.n.e.registry.AbstractInstanceRegistry  : Running the evict task with compensationTime 7ms
2025-11-25T16:45:39.490+07:00  INFO 26136 --- [discovery-service] [Eureka-EvictionTimer] c.n.e.registry.AbstractInstanceRegistry  : Running the evict task with compensationTime 15ms
2025-11-25T16:45:55.111+07:00  INFO 26136 --- [discovery-service] [http-nio-8010-exec-10] c.n.e.registry.AbstractInstanceRegistry  : Registered instance HELLO-KUBERNETES/localhost:hello-kubernetes:8080 with status DOWN (replication=false)
2025-11-25T16:46:14.304+07:00  INFO 26136 --- [discovery-service] [SpringApplicationShutdownHook] o.s.c.n.e.s.EurekaServiceRegistry        : Unregistering application DISCOVERY-SERVICE with eureka with status DOWN
2025-11-25T16:46:14.307+07:00  INFO 26136 --- [discovery-service] [SpringApplicationShutdownHook] o.s.b.w.e.tomcat.GracefulShutdown        : Commencing graceful shutdown. Waiting for active requests to complete
