2025-11-18T16:24:15.175+07:00  INFO 26176 --- [discovery-service] [main] c.e.one.DiscoveryServiceApplication      : Starting DiscoveryServiceApplication using Java 17.0.0.1 with PID 26176 (D:\irfan\demo\bootcamp-it-nucsaping\one-project\materi-3\kubernetes\discovery-server\discovery-service\target\classes started by lenovo in D:\irfan\demo\bootcamp-it-nucsaping\one-project\materi-3\kubernetes\discovery-server\discovery-service)
2025-11-18T16:24:15.179+07:00  INFO 26176 --- [discovery-service] [main] c.e.one.DiscoveryServiceApplication      : No active profile set, falling back to 1 default profile: "default"
2025-11-18T16:24:16.082+07:00  INFO 26176 --- [discovery-service] [main] o.s.cloud.context.scope.GenericScope     : BeanFactory id=3cd9abdf-c8d6-331f-aae1-0484a4902811
2025-11-18T16:24:16.369+07:00  INFO 26176 --- [discovery-service] [main] o.s.b.w.embedded.tomcat.TomcatWebServer  : Tomcat initialized with port 8010 (http)
2025-11-18T16:24:16.377+07:00  INFO 26176 --- [discovery-service] [main] o.apache.catalina.core.StandardService   : Starting service [Tomcat]
2025-11-18T16:24:16.377+07:00  INFO 26176 --- [discovery-service] [main] o.apache.catalina.core.StandardEngine    : Starting Servlet engine: [Apache Tomcat/10.1.48]
2025-11-18T16:24:16.429+07:00  INFO 26176 --- [discovery-service] [main] o.a.c.c.C.[Tomcat].[localhost].[/]       : Initializing Spring embedded WebApplicationContext
2025-11-18T16:24:16.430+07:00  INFO 26176 --- [discovery-service] [main] w.s.c.ServletWebServerApplicationContext : Root WebApplicationContext: initialization completed in 1212 ms
2025-11-18T16:24:17.202+07:00  INFO 26176 --- [discovery-service] [main] c.n.d.provider.DiscoveryJerseyProvider   : Using JSON encoding codec LegacyJacksonJson
2025-11-18T16:24:17.203+07:00  INFO 26176 --- [discovery-service] [main] c.n.d.provider.DiscoveryJerseyProvider   : Using JSON decoding codec LegacyJacksonJson
2025-11-18T16:24:17.308+07:00  INFO 26176 --- [discovery-service] [main] c.n.d.provider.DiscoveryJerseyProvider   : Using XML encoding codec XStreamXml
2025-11-18T16:24:17.308+07:00  INFO 26176 --- [discovery-service] [main] c.n.d.provider.DiscoveryJerseyProvider   : Using XML decoding codec XStreamXml
2025-11-18T16:24:17.506+07:00  INFO 26176 --- [discovery-service] [main] o.s.v.b.OptionalValidatorFactoryBean     : Failed to set up a Bean Validation provider: jakarta.validation.NoProviderFoundException: Unable to create a Configuration, because no Jakarta Bean Validation provider could be found. Add a provider like Hibernate Validator (RI) to your classpath.
2025-11-18T16:24:18.463+07:00  WARN 26176 --- [discovery-service] [main] iguration$LoadBalancerCaffeineWarnLogger : Spring Cloud LoadBalancer is currently working with the default cache. While this cache implementation is useful for development and tests, it's recommended to use Caffeine cache in production.You can switch to using Caffeine cache, by adding it and org.springframework.cache.caffeine.CaffeineCacheManager to the classpath.
2025-11-18T16:24:18.486+07:00  INFO 26176 --- [discovery-service] [main] o.s.c.n.eureka.InstanceInfoFactory       : Setting initial instance status as: STARTING
2025-11-18T16:24:18.513+07:00  INFO 26176 --- [discovery-service] [main] com.netflix.discovery.DiscoveryClient    : Initializing Eureka in region us-east-1
2025-11-18T16:24:18.513+07:00  INFO 26176 --- [discovery-service] [main] com.netflix.discovery.DiscoveryClient    : Client configured to neither register nor query for data.
2025-11-18T16:24:18.516+07:00  INFO 26176 --- [discovery-service] [main] com.netflix.discovery.DiscoveryClient    : Discovery Client initialized at timestamp 1763457858514 with initial instances count: 0
2025-11-18T16:24:18.551+07:00  INFO 26176 --- [discovery-service] [main] c.n.eureka.DefaultEurekaServerContext    : Initializing ...
2025-11-18T16:24:18.553+07:00  WARN 26176 --- [discovery-service] [main] c.n.eureka.cluster.PeerEurekaNodes       : The replica size seems to be empty. Check the route 53 DNS Registry
2025-11-18T16:24:18.562+07:00  INFO 26176 --- [discovery-service] [main] c.n.e.registry.AbstractInstanceRegistry  : Finished initializing remote region registries. All known remote regions: []
2025-11-18T16:24:18.563+07:00  INFO 26176 --- [discovery-service] [main] c.n.eureka.DefaultEurekaServerContext    : Initialized
2025-11-18T16:24:18.571+07:00  INFO 26176 --- [discovery-service] [main] o.s.b.a.e.web.EndpointLinksResolver      : Exposing 1 endpoint beneath base path '/actuator'
2025-11-18T16:24:18.618+07:00  INFO 26176 --- [discovery-service] [main] o.s.c.n.e.s.EurekaServiceRegistry        : Registering application DISCOVERY-SERVICE with eureka with status UP
2025-11-18T16:24:18.630+07:00  INFO 26176 --- [discovery-service] [Thread-9] o.s.c.n.e.server.EurekaServerBootstrap   : isAws returned false
2025-11-18T16:24:18.631+07:00  INFO 26176 --- [discovery-service] [Thread-9] o.s.c.n.e.server.EurekaServerBootstrap   : Initialized server context
2025-11-18T16:24:18.631+07:00  INFO 26176 --- [discovery-service] [Thread-9] c.n.e.r.PeerAwareInstanceRegistryImpl    : Got 1 instances from neighboring DS node
2025-11-18T16:24:18.631+07:00  INFO 26176 --- [discovery-service] [Thread-9] c.n.e.r.PeerAwareInstanceRegistryImpl    : Renew threshold is: 1
2025-11-18T16:24:18.631+07:00  INFO 26176 --- [discovery-service] [Thread-9] c.n.e.r.PeerAwareInstanceRegistryImpl    : Changing status to UP
2025-11-18T16:24:18.633+07:00  INFO 26176 --- [discovery-service] [Thread-9] e.s.EurekaServerInitializerConfiguration : Started Eureka Server
2025-11-18T16:24:18.643+07:00  INFO 26176 --- [discovery-service] [main] o.s.b.w.embedded.tomcat.TomcatWebServer  : Tomcat started on port 8010 (http) with context path '/'
2025-11-18T16:24:18.643+07:00  INFO 26176 --- [discovery-service] [main] .s.c.n.e.s.EurekaAutoServiceRegistration : Updating port to 8010
2025-11-18T16:24:18.837+07:00  INFO 26176 --- [discovery-service] [main] c.e.one.DiscoveryServiceApplication      : Started DiscoveryServiceApplication in 4.397 seconds (process running for 4.834)
2025-11-18T16:24:45.424+07:00  INFO 26176 --- [discovery-service] [http-nio-8010-exec-1] o.a.c.c.C.[Tomcat].[localhost].[/]       : Initializing Spring DispatcherServlet 'dispatcherServlet'
2025-11-18T16:24:45.425+07:00  INFO 26176 --- [discovery-service] [http-nio-8010-exec-1] o.s.web.servlet.DispatcherServlet        : Initializing Servlet 'dispatcherServlet'
2025-11-18T16:24:45.426+07:00  INFO 26176 --- [discovery-service] [http-nio-8010-exec-1] o.s.web.servlet.DispatcherServlet        : Completed initialization in 1 ms
2025-11-18T16:24:45.632+07:00  INFO 26176 --- [discovery-service] [http-nio-8010-exec-3] c.n.e.registry.AbstractInstanceRegistry  : Registered instance API-GATEWAY/dev-mirfan:api-gateway:8030 with status UP (replication=false)
2025-11-18T16:24:58.651+07:00  INFO 26176 --- [discovery-service] [http-nio-8010-exec-5] c.n.e.registry.AbstractInstanceRegistry  : Registered instance PRODUCT-SERVICE/dev-mirfan:product-service:8020 with status UP (replication=false)
2025-11-18T16:25:18.632+07:00  INFO 26176 --- [discovery-service] [Eureka-EvictionTimer] c.n.e.registry.AbstractInstanceRegistry  : Running the evict task with compensationTime 0ms
2025-11-18T16:26:18.632+07:00  INFO 26176 --- [discovery-service] [Eureka-EvictionTimer] c.n.e.registry.AbstractInstanceRegistry  : Running the evict task with compensationTime 0ms
2025-11-18T16:26:38.254+07:00  INFO 26176 --- [discovery-service] [SpringApplicationShutdownHook] o.s.c.n.e.s.EurekaServiceRegistry        : Unregistering application DISCOVERY-SERVICE with eureka with status DOWN
2025-11-18T16:26:38.256+07:00  INFO 26176 --- [discovery-service] [SpringApplicationShutdownHook] o.s.b.w.e.tomcat.GracefulShutdown        : Commencing graceful shutdown. Waiting for active requests to complete
2025-11-18T16:26:38.560+07:00  INFO 26176 --- [discovery-service] [tomcat-shutdown] o.s.b.w.e.tomcat.GracefulShutdown        : Graceful shutdown complete
2025-11-18T16:26:38.562+07:00  INFO 26176 --- [discovery-service] [SpringApplicationShutdownHook] o.s.c.n.e.server.EurekaServerBootstrap   : Shutting down Eureka Server..
2025-11-18T16:26:38.562+07:00  INFO 26176 --- [discovery-service] [SpringApplicationShutdownHook] c.n.eureka.DefaultEurekaServerContext    : Shutting down ...
2025-11-18T16:26:38.562+07:00  INFO 26176 --- [discovery-service] [SpringApplicationShutdownHook] c.n.eureka.DefaultEurekaServerContext    : Shut down
2025-11-18T16:26:38.562+07:00  INFO 26176 --- [discovery-service] [SpringApplicationShutdownHook] o.s.c.n.e.server.EurekaServerBootstrap   : Eureka Service is now shutdown...
2025-11-18T16:26:38.563+07:00  INFO 26176 --- [discovery-service] [SpringApplicationShutdownHook] c.n.eureka.DefaultEurekaServerContext    : Shutting down ...
2025-11-18T16:26:38.563+07:00  INFO 26176 --- [discovery-service] [SpringApplicationShutdownHook] c.n.eureka.DefaultEurekaServerContext    : Shut down
2025-11-18T16:26:38.567+07:00  INFO 26176 --- [discovery-service] [SpringApplicationShutdownHook] com.netflix.discovery.DiscoveryClient    : Shutting down DiscoveryClient ...
2025-11-18T16:26:38.571+07:00  INFO 26176 --- [discovery-service] [SpringApplicationShutdownHook] com.netflix.discovery.DiscoveryClient    : Completed shut down of DiscoveryClient
