2025-11-21T23:33:16.798+07:00  INFO 6372 --- [hello-kubernetes] [main] c.e.one.HelloKubernetesApplication       : Starting HelloKubernetesApplication using Java 17.0.0.1 with PID 6372 (D:\project\kubernetes-01\hello-kubernetes-logging\target\classes started by lenovo in D:\project\kubernetes-01\hello-kubernetes-logging)
2025-11-21T23:33:16.806+07:00  INFO 6372 --- [hello-kubernetes] [main] c.e.one.HelloKubernetesApplication       : No active profile set, falling back to 1 default profile: "default"
2025-11-21T23:33:18.466+07:00  INFO 6372 --- [hello-kubernetes] [main] o.s.b.w.embedded.tomcat.TomcatWebServer  : Tomcat initialized with port 8080 (http)
2025-11-21T23:33:18.479+07:00  INFO 6372 --- [hello-kubernetes] [main] o.apache.catalina.core.StandardService   : Starting service [Tomcat]
2025-11-21T23:33:18.480+07:00  INFO 6372 --- [hello-kubernetes] [main] o.apache.catalina.core.StandardEngine    : Starting Servlet engine: [Apache Tomcat/10.1.48]
2025-11-21T23:33:18.536+07:00  INFO 6372 --- [hello-kubernetes] [main] o.a.c.c.C.[Tomcat].[localhost].[/]       : Initializing Spring embedded WebApplicationContext
2025-11-21T23:33:18.537+07:00  INFO 6372 --- [hello-kubernetes] [main] w.s.c.ServletWebServerApplicationContext : Root WebApplicationContext: initialization completed in 1689 ms
2025-11-21T23:33:20.098+07:00  INFO 6372 --- [hello-kubernetes] [main] o.s.b.a.e.web.EndpointLinksResolver      : Exposing 25 endpoints beneath base path '/actuator'
2025-11-21T23:33:20.176+07:00  INFO 6372 --- [hello-kubernetes] [main] o.s.b.w.embedded.tomcat.TomcatWebServer  : Tomcat started on port 8080 (http) with context path '/'
2025-11-21T23:33:20.190+07:00  INFO 6372 --- [hello-kubernetes] [main] c.e.one.HelloKubernetesApplication       : Started HelloKubernetesApplication in 3.928 seconds (process running for 4.283)
2025-11-21T23:33:52.593+07:00  INFO 6372 --- [hello-kubernetes] [http-nio-8080-exec-1] o.a.c.c.C.[Tomcat].[localhost].[/]       : Initializing Spring DispatcherServlet 'dispatcherServlet'
2025-11-21T23:33:52.595+07:00  INFO 6372 --- [hello-kubernetes] [http-nio-8080-exec-1] o.s.web.servlet.DispatcherServlet        : Initializing Servlet 'dispatcherServlet'
2025-11-21T23:33:52.600+07:00  INFO 6372 --- [hello-kubernetes] [http-nio-8080-exec-1] o.s.web.servlet.DispatcherServlet        : Completed initialization in 4 ms
2025-11-21T23:33:55.263+07:00  INFO 6372 --- [hello-kubernetes] [http-nio-8080-exec-9] c.e.one.controller.ProductController     : getAllProducts
2025-11-21T23:33:56.079+07:00  INFO 6372 --- [hello-kubernetes] [http-nio-8080-exec-4] c.e.one.controller.ProductController     : getAllProducts
2025-11-21T23:33:56.670+07:00  INFO 6372 --- [hello-kubernetes] [http-nio-8080-exec-5] c.e.one.controller.ProductController     : getAllProducts
2025-11-21T23:34:03.370+07:00  INFO 6372 --- [hello-kubernetes] [SpringApplicationShutdownHook] o.s.b.w.e.tomcat.GracefulShutdown        : Commencing graceful shutdown. Waiting for active requests to complete
2025-11-21T23:34:59.244+07:00  INFO 8224 --- [hello-kubernetes] [main] c.e.one.HelloKubernetesApplicationTests  : Starting HelloKubernetesApplicationTests using Java 17.0.0.1 with PID 8224 (started by lenovo in D:\project\kubernetes-01\hello-kubernetes-logging)
2025-11-21T23:34:59.254+07:00  INFO 8224 --- [hello-kubernetes] [main] c.e.one.HelloKubernetesApplicationTests  : No active profile set, falling back to 1 default profile: "default"
2025-11-21T23:35:02.117+07:00  INFO 8224 --- [hello-kubernetes] [main] o.s.b.a.e.web.EndpointLinksResolver      : Exposing 25 endpoints beneath base path '/actuator'
2025-11-21T23:35:02.192+07:00  INFO 8224 --- [hello-kubernetes] [main] c.e.one.HelloKubernetesApplicationTests  : Started HelloKubernetesApplicationTests in 3.242 seconds (process running for 4.001)
