2025-11-23T00:53:04.158+07:00  INFO 25956 --- [api-gateway] [main] c.e.one.ApiGatewayApplicationTests       : Starting ApiGatewayApplicationTests using Java 17.0.0.1 with PID 25956 (started by lenovo in D:\project\docker-compose\gateway\api-gateway)
2025-11-23T00:53:04.165+07:00  INFO 25956 --- [api-gateway] [main] c.e.one.ApiGatewayApplicationTests       : The following 1 profile is active: "test"
2025-11-23T00:53:05.397+07:00  INFO 25956 --- [api-gateway] [main] o.s.cloud.context.scope.GenericScope     : BeanFactory id=89fbbfdb-cbc8-3311-89f4-00cc0ccbb10c
2025-11-23T00:53:06.899+07:00  INFO 25956 --- [api-gateway] [main] o.s.c.g.r.RouteDefinitionRouteLocator    : Loaded RoutePredicateFactory [After]
2025-11-23T00:53:06.899+07:00  INFO 25956 --- [api-gateway] [main] o.s.c.g.r.RouteDefinitionRouteLocator    : Loaded RoutePredicateFactory [Before]
2025-11-23T00:53:06.899+07:00  INFO 25956 --- [api-gateway] [main] o.s.c.g.r.RouteDefinitionRouteLocator    : Loaded RoutePredicateFactory [Between]
2025-11-23T00:53:06.899+07:00  INFO 25956 --- [api-gateway] [main] o.s.c.g.r.RouteDefinitionRouteLocator    : Loaded RoutePredicateFactory [Cookie]
2025-11-23T00:53:06.899+07:00  INFO 25956 --- [api-gateway] [main] o.s.c.g.r.RouteDefinitionRouteLocator    : Loaded RoutePredicateFactory [Header]
2025-11-23T00:53:06.899+07:00  INFO 25956 --- [api-gateway] [main] o.s.c.g.r.RouteDefinitionRouteLocator    : Loaded RoutePredicateFactory [Host]
2025-11-23T00:53:06.899+07:00  INFO 25956 --- [api-gateway] [main] o.s.c.g.r.RouteDefinitionRouteLocator    : Loaded RoutePredicateFactory [Method]
2025-11-23T00:53:06.899+07:00  INFO 25956 --- [api-gateway] [main] o.s.c.g.r.RouteDefinitionRouteLocator    : Loaded RoutePredicateFactory [Path]
2025-11-23T00:53:06.899+07:00  INFO 25956 --- [api-gateway] [main] o.s.c.g.r.RouteDefinitionRouteLocator    : Loaded RoutePredicateFactory [Query]
2025-11-23T00:53:06.899+07:00  INFO 25956 --- [api-gateway] [main] o.s.c.g.r.RouteDefinitionRouteLocator    : Loaded RoutePredicateFactory [ReadBody]
2025-11-23T00:53:06.899+07:00  INFO 25956 --- [api-gateway] [main] o.s.c.g.r.RouteDefinitionRouteLocator    : Loaded RoutePredicateFactory [RemoteAddr]
2025-11-23T00:53:06.899+07:00  INFO 25956 --- [api-gateway] [main] o.s.c.g.r.RouteDefinitionRouteLocator    : Loaded RoutePredicateFactory [XForwardedRemoteAddr]
2025-11-23T00:53:06.899+07:00  INFO 25956 --- [api-gateway] [main] o.s.c.g.r.RouteDefinitionRouteLocator    : Loaded RoutePredicateFactory [Weight]
2025-11-23T00:53:06.899+07:00  INFO 25956 --- [api-gateway] [main] o.s.c.g.r.RouteDefinitionRouteLocator    : Loaded RoutePredicateFactory [CloudFoundryRouteService]
2025-11-23T00:53:07.201+07:00  INFO 25956 --- [api-gateway] [main] DiscoveryClientOptionalArgsConfiguration : Eureka HTTP Client uses RestTemplate.
2025-11-23T00:53:07.253+07:00  WARN 25956 --- [api-gateway] [main] iguration$LoadBalancerCaffeineWarnLogger : Spring Cloud LoadBalancer is currently working with the default cache. While this cache implementation is useful for development and tests, it's recommended to use Caffeine cache in production.You can switch to using Caffeine cache, by adding it and org.springframework.cache.caffeine.CaffeineCacheManager to the classpath.
2025-11-23T00:53:07.328+07:00  INFO 25956 --- [api-gateway] [main] c.e.one.ApiGatewayApplicationTests       : Started ApiGatewayApplicationTests in 3.898 seconds (process running for 5.288)
